[2025-11-03 10:42:04] local.INFO: select exists (select 1 from information_schema.tables where table_schema = schema() and table_name = 'business_settings' and table_type in ('BASE TABLE', 'SYSTEM VERSIONED')) as `exists`  
[2025-11-03 10:42:04] local.INFO: select * from `business_settings` limit 1  
[2025-11-03 17:56:57] local.INFO: select exists (select 1 from information_schema.tables where table_schema = schema() and table_name = 'business_settings' and table_type in ('BASE TABLE', 'SYSTEM VERSIONED')) as `exists`  
[2025-11-03 17:56:57] local.INFO: select * from `business_settings` limit 1  
[2025-11-03 17:56:58] local.INFO: select exists (select 1 from information_schema.tables where table_schema = schema() and table_name = 'business_settings' and table_type in ('BASE TABLE', 'SYSTEM VERSIONED')) as `exists`  
[2025-11-03 17:56:58] local.INFO: select * from `business_settings` limit 1  
[2025-11-03 17:57:02] local.INFO: select exists (select 1 from information_schema.tables where table_schema = schema() and table_name = 'business_settings' and table_type in ('BASE TABLE', 'SYSTEM VERSIONED')) as `exists`  
[2025-11-03 17:57:02] local.INFO: select * from `business_settings` limit 1  
[2025-11-03 17:57:02] local.INFO: select * from `users` where `email` = ? limit 1 ["admin@example.com"] 
[2025-11-03 17:57:03] local.INFO: update `users` set `last_login` = ?, `users`.`updated_at` = ? where `id` = ? ["2025-11-03 17:57:03","2025-11-03 17:57:03",1] 
[2025-11-03 17:57:03] local.INFO: select exists (select 1 from information_schema.tables where table_schema = schema() and table_name = 'business_settings' and table_type in ('BASE TABLE', 'SYSTEM VERSIONED')) as `exists`  
[2025-11-03 17:57:03] local.INFO: select * from `business_settings` limit 1  
[2025-11-03 17:57:03] local.INFO: select * from `users` where `id` = ? limit 1 [1] 
[2025-11-03 17:57:03] local.INFO: select count(*) as aggregate from `candidates` where `currently_living_country` = ? and `candidates`.`deleted_at` is null ["japan"] 
[2025-11-03 17:57:12] local.INFO: select exists (select 1 from information_schema.tables where table_schema = schema() and table_name = 'business_settings' and table_type in ('BASE TABLE', 'SYSTEM VERSIONED')) as `exists`  
[2025-11-03 17:57:12] local.INFO: select * from `business_settings` limit 1  
[2025-11-03 17:57:12] local.INFO: select exists (select 1 from information_schema.tables where table_schema = schema() and table_name = 'business_settings' and table_type in ('BASE TABLE', 'SYSTEM VERSIONED')) as `exists`  
[2025-11-03 17:57:12] local.INFO: select * from `business_settings` limit 1  
[2025-11-03 17:57:12] local.INFO: select * from `business_settings` order by `created_at` desc limit 1  
[2025-11-03 17:57:12] local.INFO: select * from `packages` where `status` = ? and `is_home` = ? order by ISNULL(`order`), `order` ASC, `order` asc [1,true] 
[2025-11-03 18:06:53] local.INFO: select exists (select 1 from information_schema.tables where table_schema = schema() and table_name = 'business_settings' and table_type in ('BASE TABLE', 'SYSTEM VERSIONED')) as `exists`  
[2025-11-03 18:06:53] local.INFO: select * from `business_settings` limit 1  
[2025-11-03 18:06:54] local.INFO: select * from `users` where `id` = ? limit 1 [1] 
[2025-11-03 18:06:54] local.INFO: select count(*) as aggregate from `candidates` where `currently_living_country` = ? and `candidates`.`deleted_at` is null ["japan"] 
[2025-11-04 11:25:23] local.INFO: select exists (select 1 from information_schema.tables where table_schema = schema() and table_name = 'business_settings' and table_type in ('BASE TABLE', 'SYSTEM VERSIONED')) as `exists`  
[2025-11-04 11:25:23] local.INFO: select * from `business_settings` limit 1  
[2025-11-04 11:25:23] local.INFO: select exists (select 1 from information_schema.tables where table_schema = schema() and table_name = 'business_settings' and table_type in ('BASE TABLE', 'SYSTEM VERSIONED')) as `exists`  
[2025-11-04 11:25:23] local.INFO: select * from `business_settings` limit 1  
[2025-11-04 11:25:28] local.INFO: select exists (select 1 from information_schema.tables where table_schema = schema() and table_name = 'business_settings' and table_type in ('BASE TABLE', 'SYSTEM VERSIONED')) as `exists`  
[2025-11-04 11:25:28] local.INFO: select * from `business_settings` limit 1  
[2025-11-04 11:25:28] local.INFO: select * from `users` where `email` = ? limit 1 ["admin@example.com"] 
[2025-11-04 11:25:28] local.INFO: update `users` set `last_login` = ?, `users`.`updated_at` = ? where `id` = ? ["2025-11-04 11:25:28","2025-11-04 11:25:28",1] 
[2025-11-04 11:25:29] local.INFO: select exists (select 1 from information_schema.tables where table_schema = schema() and table_name = 'business_settings' and table_type in ('BASE TABLE', 'SYSTEM VERSIONED')) as `exists`  
[2025-11-04 11:25:29] local.INFO: select * from `business_settings` limit 1  
[2025-11-04 11:25:29] local.INFO: select * from `users` where `id` = ? limit 1 [1] 
[2025-11-04 11:25:29] local.INFO: select count(*) as aggregate from `candidates` where `currently_living_country` = ? and `candidates`.`deleted_at` is null ["japan"] 
[2025-11-04 12:33:37] local.INFO: select exists (select 1 from information_schema.tables where table_schema = schema() and table_name = 'business_settings' and table_type in ('BASE TABLE', 'SYSTEM VERSIONED')) as `exists`  
[2025-11-04 12:33:37] local.INFO: select * from `business_settings` limit 1  
[2025-11-04 12:33:37] local.INFO: select * from `candidates` where `phone_number` = ? and `candidates`.`deleted_at` is null limit 1 ["01671099723"] 
[2025-11-04 12:34:08] local.INFO: select exists (select 1 from information_schema.tables where table_schema = schema() and table_name = 'business_settings' and table_type in ('BASE TABLE', 'SYSTEM VERSIONED')) as `exists`  
[2025-11-04 12:34:08] local.INFO: select * from `business_settings` limit 1  
[2025-11-04 12:34:08] local.ERROR: Method Illuminate\Validation\Validator::validateConfirm does not exist. {"exception":"[object] (BadMethodCallException(code: 0): Method Illuminate\\Validation\\Validator::validateConfirm does not exist. at /var/www/backend/vendor/laravel/framework/src/Illuminate/Validation/Validator.php:1681)
[stacktrace]
#0 /var/www/backend/vendor/laravel/framework/src/Illuminate/Validation/Validator.php(685): Illuminate\\Validation\\Validator->__call('validateConfirm', Array)
#1 /var/www/backend/vendor/laravel/framework/src/Illuminate/Validation/Validator.php(480): Illuminate\\Validation\\Validator->validateAttribute('password', 'Confirm')
#2 /var/www/backend/vendor/laravel/framework/src/Illuminate/Validation/Validator.php(515): Illuminate\\Validation\\Validator->passes()
#3 /var/www/backend/vendor/laravel/framework/src/Illuminate/Validation/ValidatesWhenResolvedTrait.php(31): Illuminate\\Validation\\Validator->fails()
#4 /var/www/backend/vendor/laravel/framework/src/Illuminate/Foundation/Providers/FormRequestServiceProvider.php(30): Illuminate\\Foundation\\Http\\FormRequest->validateResolved()
#5 /var/www/backend/vendor/laravel/framework/src/Illuminate/Container/Container.php(1521): Illuminate\\Foundation\\Providers\\FormRequestServiceProvider->Illuminate\\Foundation\\Providers\\{closure}(Object(App\\Http\\Requests\\CandidateRequest), Object(Illuminate\\Foundation\\Application))
#6 /var/www/backend/vendor/laravel/framework/src/Illuminate/Container/Container.php(1457): Illuminate\\Container\\Container->fireCallbackArray(Object(App\\Http\\Requests\\CandidateRequest), Array)
#7 /var/www/backend/vendor/laravel/framework/src/Illuminate/Container/Container.php(1443): Illuminate\\Container\\Container->fireAfterResolvingCallbacks('App\\\\Http\\\\Reques...', Object(App\\Http\\Requests\\CandidateRequest))
#8 /var/www/backend/vendor/laravel/framework/src/Illuminate/Container/Container.php(934): Illuminate\\Container\\Container->fireResolvingCallbacks('App\\\\Http\\\\Reques...', Object(App\\Http\\Requests\\CandidateRequest))
#9 /var/www/backend/vendor/laravel/framework/src/Illuminate/Foundation/Application.php(1077): Illuminate\\Container\\Container->resolve('App\\\\Http\\\\Reques...', Array, true)
#10 /var/www/backend/vendor/laravel/framework/src/Illuminate/Container/Container.php(847): Illuminate\\Foundation\\Application->resolve('App\\\\Http\\\\Reques...', Array)
#11 /var/www/backend/vendor/laravel/framework/src/Illuminate/Foundation/Application.php(1057): Illuminate\\Container\\Container->make('App\\\\Http\\\\Reques...', Array)
#12 /var/www/backend/vendor/laravel/framework/src/Illuminate/Routing/ResolvesRouteDependencies.php(92): Illuminate\\Foundation\\Application->make('App\\\\Http\\\\Reques...')
#13 /var/www/backend/vendor/laravel/framework/src/Illuminate/Routing/ResolvesRouteDependencies.php(51): Illuminate\\Routing\\ControllerDispatcher->transformDependency(Object(ReflectionParameter), Array, Object(stdClass))
#14 /var/www/backend/vendor/laravel/framework/src/Illuminate/Routing/ResolvesRouteDependencies.php(30): Illuminate\\Routing\\ControllerDispatcher->resolveMethodDependencies(Array, Object(ReflectionMethod))
#15 /var/www/backend/vendor/laravel/framework/src/Illuminate/Routing/ControllerDispatcher.php(59): Illuminate\\Routing\\ControllerDispatcher->resolveClassMethodDependencies(Array, Object(App\\Http\\Controllers\\Api\\CandidateController), 'register')
#16 /var/www/backend/vendor/laravel/framework/src/Illuminate/Routing/ControllerDispatcher.php(40): Illuminate\\Routing\\ControllerDispatcher->resolveParameters(Object(Illuminate\\Routing\\Route), Object(App\\Http\\Controllers\\Api\\CandidateController), 'register')
#17 /var/www/backend/vendor/laravel/framework/src/Illuminate/Routing/Route.php(265): Illuminate\\Routing\\ControllerDispatcher->dispatch(Object(Illuminate\\Routing\\Route), Object(App\\Http\\Controllers\\Api\\CandidateController), 'register')
#18 /var/www/backend/vendor/laravel/framework/src/Illuminate/Routing/Route.php(211): Illuminate\\Routing\\Route->runController()
#19 /var/www/backend/vendor/laravel/framework/src/Illuminate/Routing/Router.php(808): Illuminate\\Routing\\Route->run()
#20 /var/www/backend/vendor/laravel/framework/src/Illuminate/Pipeline/Pipeline.php(169): Illuminate\\Routing\\Router->Illuminate\\Routing\\{closure}(Object(Illuminate\\Http\\Request))
#21 /var/www/backend/vendor/laravel/framework/src/Illuminate/Routing/Middleware/SubstituteBindings.php(50): Illuminate\\Pipeline\\Pipeline->Illuminate\\Pipeline\\{closure}(Object(Illuminate\\Http\\Request))
#22 /var/www/backend/vendor/laravel/framework/src/Illuminate/Pipeline/Pipeline.php(208): Illuminate\\Routing\\Middleware\\SubstituteBindings->handle(Object(Illuminate\\Http\\Request), Object(Closure))
#23 /var/www/backend/vendor/laravel/framework/src/Illuminate/Pipeline/Pipeline.php(126): Illuminate\\Pipeline\\Pipeline->Illuminate\\Pipeline\\{closure}(Object(Illuminate\\Http\\Request))
#24 /var/www/backend/vendor/laravel/framework/src/Illuminate/Routing/Router.php(807): Illuminate\\Pipeline\\Pipeline->then(Object(Closure))
#25 /var/www/backend/vendor/laravel/framework/src/Illuminate/Routing/Router.php(786): Illuminate\\Routing\\Router->runRouteWithinStack(Object(Illuminate\\Routing\\Route), Object(Illuminate\\Http\\Request))
#26 /var/www/backend/vendor/laravel/framework/src/Illuminate/Routing/Router.php(750): Illuminate\\Routing\\Router->runRoute(Object(Illuminate\\Http\\Request), Object(Illuminate\\Routing\\Route))
#27 /var/www/backend/vendor/laravel/framework/src/Illuminate/Routing/Router.php(739): Illuminate\\Routing\\Router->dispatchToRoute(Object(Illuminate\\Http\\Request))
#28 /var/www/backend/vendor/laravel/framework/src/Illuminate/Foundation/Http/Kernel.php(200): Illuminate\\Routing\\Router->dispatch(Object(Illuminate\\Http\\Request))
#29 /var/www/backend/vendor/laravel/framework/src/Illuminate/Pipeline/Pipeline.php(169): Illuminate\\Foundation\\Http\\Kernel->Illuminate\\Foundation\\Http\\{closure}(Object(Illuminate\\Http\\Request))
#30 /var/www/backend/vendor/barryvdh/laravel-debugbar/src/Middleware/InjectDebugbar.php(66): Illuminate\\Pipeline\\Pipeline->Illuminate\\Pipeline\\{closure}(Object(Illuminate\\Http\\Request))
#31 /var/www/backend/vendor/laravel/framework/src/Illuminate/Pipeline/Pipeline.php(208): Barryvdh\\Debugbar\\Middleware\\InjectDebugbar->handle(Object(Illuminate\\Http\\Request), Object(Closure))
#32 /var/www/backend/vendor/laravel/framework/src/Illuminate/Foundation/Http/Middleware/TransformsRequest.php(21): Illuminate\\Pipeline\\Pipeline->Illuminate\\Pipeline\\{closure}(Object(Illuminate\\Http\\Request))
#33 /var/www/backend/vendor/laravel/framework/src/Illuminate/Foundation/Http/Middleware/ConvertEmptyStringsToNull.php(31): Illuminate\\Foundation\\Http\\Middleware\\TransformsRequest->handle(Object(Illuminate\\Http\\Request), Object(Closure))
#34 /var/www/backend/vendor/laravel/framework/src/Illuminate/Pipeline/Pipeline.php(208): Illuminate\\Foundation\\Http\\Middleware\\ConvertEmptyStringsToNull->handle(Object(Illuminate\\Http\\Request), Object(Closure))
#35 /var/www/backend/vendor/laravel/framework/src/Illuminate/Foundation/Http/Middleware/TransformsRequest.php(21): Illuminate\\Pipeline\\Pipeline->Illuminate\\Pipeline\\{closure}(Object(Illuminate\\Http\\Request))
#36 /var/www/backend/vendor/laravel/framework/src/Illuminate/Foundation/Http/Middleware/TrimStrings.php(51): Illuminate\\Foundation\\Http\\Middleware\\TransformsRequest->handle(Object(Illuminate\\Http\\Request), Object(Closure))
#37 /var/www/backend/vendor/laravel/framework/src/Illuminate/Pipeline/Pipeline.php(208): Illuminate\\Foundation\\Http\\Middleware\\TrimStrings->handle(Object(Illuminate\\Http\\Request), Object(Closure))
#38 /var/www/backend/vendor/laravel/framework/src/Illuminate/Http/Middleware/ValidatePostSize.php(27): Illuminate\\Pipeline\\Pipeline->Illuminate\\Pipeline\\{closure}(Object(Illuminate\\Http\\Request))
#39 /var/www/backend/vendor/laravel/framework/src/Illuminate/Pipeline/Pipeline.php(208): Illuminate\\Http\\Middleware\\ValidatePostSize->handle(Object(Illuminate\\Http\\Request), Object(Closure))
#40 /var/www/backend/vendor/laravel/framework/src/Illuminate/Foundation/Http/Middleware/PreventRequestsDuringMaintenance.php(109): Illuminate\\Pipeline\\Pipeline->Illuminate\\Pipeline\\{closure}(Object(Illuminate\\Http\\Request))
#41 /var/www/backend/vendor/laravel/framework/src/Illuminate/Pipeline/Pipeline.php(208): Illuminate\\Foundation\\Http\\Middleware\\PreventRequestsDuringMaintenance->handle(Object(Illuminate\\Http\\Request), Object(Closure))
#42 /var/www/backend/vendor/laravel/framework/src/Illuminate/Http/Middleware/HandleCors.php(61): Illuminate\\Pipeline\\Pipeline->Illuminate\\Pipeline\\{closure}(Object(Illuminate\\Http\\Request))
#43 /var/www/backend/vendor/laravel/framework/src/Illuminate/Pipeline/Pipeline.php(208): Illuminate\\Http\\Middleware\\HandleCors->handle(Object(Illuminate\\Http\\Request), Object(Closure))
#44 /var/www/backend/vendor/laravel/framework/src/Illuminate/Http/Middleware/TrustProxies.php(58): Illuminate\\Pipeline\\Pipeline->Illuminate\\Pipeline\\{closure}(Object(Illuminate\\Http\\Request))
#45 /var/www/backend/vendor/laravel/framework/src/Illuminate/Pipeline/Pipeline.php(208): Illuminate\\Http\\Middleware\\TrustProxies->handle(Object(Illuminate\\Http\\Request), Object(Closure))
#46 /var/www/backend/vendor/laravel/framework/src/Illuminate/Foundation/Http/Middleware/InvokeDeferredCallbacks.php(22): Illuminate\\Pipeline\\Pipeline->Illuminate\\Pipeline\\{closure}(Object(Illuminate\\Http\\Request))
#47 /var/www/backend/vendor/laravel/framework/src/Illuminate/Pipeline/Pipeline.php(208): Illuminate\\Foundation\\Http\\Middleware\\InvokeDeferredCallbacks->handle(Object(Illuminate\\Http\\Request), Object(Closure))
#48 /var/www/backend/vendor/laravel/framework/src/Illuminate/Http/Middleware/ValidatePathEncoding.php(26): Illuminate\\Pipeline\\Pipeline->Illuminate\\Pipeline\\{closure}(Object(Illuminate\\Http\\Request))
#49 /var/www/backend/vendor/laravel/framework/src/Illuminate/Pipeline/Pipeline.php(208): Illuminate\\Http\\Middleware\\ValidatePathEncoding->handle(Object(Illuminate\\Http\\Request), Object(Closure))
#50 /var/www/backend/vendor/laravel/framework/src/Illuminate/Pipeline/Pipeline.php(126): Illuminate\\Pipeline\\Pipeline->Illuminate\\Pipeline\\{closure}(Object(Illuminate\\Http\\Request))
#51 /var/www/backend/vendor/laravel/framework/src/Illuminate/Foundation/Http/Kernel.php(175): Illuminate\\Pipeline\\Pipeline->then(Object(Closure))
#52 /var/www/backend/vendor/laravel/framework/src/Illuminate/Foundation/Http/Kernel.php(144): Illuminate\\Foundation\\Http\\Kernel->sendRequestThroughRouter(Object(Illuminate\\Http\\Request))
#53 /var/www/backend/vendor/laravel/framework/src/Illuminate/Foundation/Application.php(1219): Illuminate\\Foundation\\Http\\Kernel->handle(Object(Illuminate\\Http\\Request))
#54 /var/www/backend/public/index.php(20): Illuminate\\Foundation\\Application->handleRequest(Object(Illuminate\\Http\\Request))
#55 {main}
"} 
[2025-11-04 12:34:21] local.INFO: select exists (select 1 from information_schema.tables where table_schema = schema() and table_name = 'business_settings' and table_type in ('BASE TABLE', 'SYSTEM VERSIONED')) as `exists`  
[2025-11-04 12:34:22] local.INFO: select * from `business_settings` limit 1  
[2025-11-04 12:34:31] local.INFO: select exists (select 1 from information_schema.tables where table_schema = schema() and table_name = 'business_settings' and table_type in ('BASE TABLE', 'SYSTEM VERSIONED')) as `exists`  
[2025-11-04 12:34:31] local.INFO: select * from `business_settings` limit 1  
[2025-11-04 12:34:36] local.INFO: select exists (select 1 from information_schema.tables where table_schema = schema() and table_name = 'business_settings' and table_type in ('BASE TABLE', 'SYSTEM VERSIONED')) as `exists`  
[2025-11-04 12:34:36] local.INFO: select * from `business_settings` limit 1  
[2025-11-04 12:34:41] local.INFO: select exists (select 1 from information_schema.tables where table_schema = schema() and table_name = 'business_settings' and table_type in ('BASE TABLE', 'SYSTEM VERSIONED')) as `exists`  
[2025-11-04 12:34:41] local.INFO: select * from `business_settings` limit 1  
[2025-11-04 12:34:41] local.INFO: insert into `candidates` (`first_name`, `last_name`, `email`, `password`, `updated_at`, `created_at`) values (?, ?, ?, ?, ?, ?) ["Foysal","ahmed","foysal.kodeeo@gmail.com","$2y$12$iFvL2evjU6MpEvX0B61.UeQThSEdgEwRtqMoE3bmkhGyV865zhMN2","2025-11-04 12:34:41","2025-11-04 12:34:41"] 
[2025-11-04 12:34:41] local.INFO: insert into `jobs` (`queue`, `attempts`, `reserved_at`, `available_at`, `created_at`, `payload`) values (?, ?, ?, ?, ?, ?) ["default",0,null,1762238081,1762238081,"{\"uuid\":\"d129ee2f-bac6-4de2-996b-501c42b306f2\",\"displayName\":\"App\\\\Jobs\\\\SendRegistrationEmailJob\",\"job\":\"Illuminate\\\\Queue\\\\CallQueuedHandler@call\",\"maxTries\":null,\"maxExceptions\":null,\"failOnTimeout\":false,\"backoff\":null,\"timeout\":null,\"retryUntil\":null,\"data\":{\"commandName\":\"App\\\\Jobs\\\\SendRegistrationEmailJob\",\"command\":\"O:33:\\\"App\\\\Jobs\\\\SendRegistrationEmailJob\\\":1:{s:9:\\\"candidate\\\";O:45:\\\"Illuminate\\\\Contracts\\\\Database\\\\ModelIdentifier\\\":5:{s:5:\\\"class\\\";s:20:\\\"App\\\\Models\\\\Candidate\\\";s:2:\\\"id\\\";i:3;s:9:\\\"relations\\\";a:0:{}s:10:\\\"connection\\\";s:5:\\\"mysql\\\";s:15:\\\"collectionClass\\\";N;}}\"},\"createdAt\":1762238081,\"delay\":null}"] 
[2025-11-04 12:34:47] local.INFO: select exists (select 1 from information_schema.tables where table_schema = schema() and table_name = 'business_settings' and table_type in ('BASE TABLE', 'SYSTEM VERSIONED')) as `exists`  
[2025-11-04 12:34:47] local.INFO: select * from `business_settings` limit 1  
[2025-11-04 12:34:51] local.INFO: select exists (select 1 from information_schema.tables where table_schema = schema() and table_name = 'business_settings' and table_type in ('BASE TABLE', 'SYSTEM VERSIONED')) as `exists`  
[2025-11-04 12:34:51] local.INFO: select * from `business_settings` limit 1  
[2025-11-04 12:35:18] local.INFO: select exists (select 1 from information_schema.tables where table_schema = schema() and table_name = 'business_settings' and table_type in ('BASE TABLE', 'SYSTEM VERSIONED')) as `exists`  
[2025-11-04 12:35:18] local.INFO: select * from `business_settings` limit 1  
[2025-11-04 12:35:19] local.ERROR: Validation rule unique requires at least 1 parameters. {"exception":"[object] (InvalidArgumentException(code: 0): Validation rule unique requires at least 1 parameters. at /var/www/backend/vendor/laravel/framework/src/Illuminate/Validation/Concerns/ValidatesAttributes.php:2806)
[stacktrace]
#0 /var/www/backend/vendor/laravel/framework/src/Illuminate/Validation/Concerns/ValidatesAttributes.php(1008): Illuminate\\Validation\\Validator->requireParameterCount(1, Array, 'unique')
#1 /var/www/backend/vendor/laravel/framework/src/Illuminate/Validation/Validator.php(685): Illuminate\\Validation\\Validator->validateUnique('email', 'foysal.kodeeo@g...', Array, Object(Illuminate\\Validation\\Validator))
#2 /var/www/backend/vendor/laravel/framework/src/Illuminate/Validation/Validator.php(480): Illuminate\\Validation\\Validator->validateAttribute('email', 'Unique')
#3 /var/www/backend/vendor/laravel/framework/src/Illuminate/Validation/Validator.php(515): Illuminate\\Validation\\Validator->passes()
#4 /var/www/backend/vendor/laravel/framework/src/Illuminate/Validation/ValidatesWhenResolvedTrait.php(31): Illuminate\\Validation\\Validator->fails()
#5 /var/www/backend/vendor/laravel/framework/src/Illuminate/Foundation/Providers/FormRequestServiceProvider.php(30): Illuminate\\Foundation\\Http\\FormRequest->validateResolved()
#6 /var/www/backend/vendor/laravel/framework/src/Illuminate/Container/Container.php(1521): Illuminate\\Foundation\\Providers\\FormRequestServiceProvider->Illuminate\\Foundation\\Providers\\{closure}(Object(App\\Http\\Requests\\CandidateRequest), Object(Illuminate\\Foundation\\Application))
#7 /var/www/backend/vendor/laravel/framework/src/Illuminate/Container/Container.php(1457): Illuminate\\Container\\Container->fireCallbackArray(Object(App\\Http\\Requests\\CandidateRequest), Array)
#8 /var/www/backend/vendor/laravel/framework/src/Illuminate/Container/Container.php(1443): Illuminate\\Container\\Container->fireAfterResolvingCallbacks('App\\\\Http\\\\Reques...', Object(App\\Http\\Requests\\CandidateRequest))
#9 /var/www/backend/vendor/laravel/framework/src/Illuminate/Container/Container.php(934): Illuminate\\Container\\Container->fireResolvingCallbacks('App\\\\Http\\\\Reques...', Object(App\\Http\\Requests\\CandidateRequest))
#10 /var/www/backend/vendor/laravel/framework/src/Illuminate/Foundation/Application.php(1077): Illuminate\\Container\\Container->resolve('App\\\\Http\\\\Reques...', Array, true)
#11 /var/www/backend/vendor/laravel/framework/src/Illuminate/Container/Container.php(847): Illuminate\\Foundation\\Application->resolve('App\\\\Http\\\\Reques...', Array)
#12 /var/www/backend/vendor/laravel/framework/src/Illuminate/Foundation/Application.php(1057): Illuminate\\Container\\Container->make('App\\\\Http\\\\Reques...', Array)
#13 /var/www/backend/vendor/laravel/framework/src/Illuminate/Routing/ResolvesRouteDependencies.php(92): Illuminate\\Foundation\\Application->make('App\\\\Http\\\\Reques...')
#14 /var/www/backend/vendor/laravel/framework/src/Illuminate/Routing/ResolvesRouteDependencies.php(51): Illuminate\\Routing\\ControllerDispatcher->transformDependency(Object(ReflectionParameter), Array, Object(stdClass))
#15 /var/www/backend/vendor/laravel/framework/src/Illuminate/Routing/ResolvesRouteDependencies.php(30): Illuminate\\Routing\\ControllerDispatcher->resolveMethodDependencies(Array, Object(ReflectionMethod))
#16 /var/www/backend/vendor/laravel/framework/src/Illuminate/Routing/ControllerDispatcher.php(59): Illuminate\\Routing\\ControllerDispatcher->resolveClassMethodDependencies(Array, Object(App\\Http\\Controllers\\Api\\CandidateController), 'register')
#17 /var/www/backend/vendor/laravel/framework/src/Illuminate/Routing/ControllerDispatcher.php(40): Illuminate\\Routing\\ControllerDispatcher->resolveParameters(Object(Illuminate\\Routing\\Route), Object(App\\Http\\Controllers\\Api\\CandidateController), 'register')
#18 /var/www/backend/vendor/laravel/framework/src/Illuminate/Routing/Route.php(265): Illuminate\\Routing\\ControllerDispatcher->dispatch(Object(Illuminate\\Routing\\Route), Object(App\\Http\\Controllers\\Api\\CandidateController), 'register')
#19 /var/www/backend/vendor/laravel/framework/src/Illuminate/Routing/Route.php(211): Illuminate\\Routing\\Route->runController()
#20 /var/www/backend/vendor/laravel/framework/src/Illuminate/Routing/Router.php(808): Illuminate\\Routing\\Route->run()
#21 /var/www/backend/vendor/laravel/framework/src/Illuminate/Pipeline/Pipeline.php(169): Illuminate\\Routing\\Router->Illuminate\\Routing\\{closure}(Object(Illuminate\\Http\\Request))
#22 /var/www/backend/vendor/laravel/framework/src/Illuminate/Routing/Middleware/SubstituteBindings.php(50): Illuminate\\Pipeline\\Pipeline->Illuminate\\Pipeline\\{closure}(Object(Illuminate\\Http\\Request))
#23 /var/www/backend/vendor/laravel/framework/src/Illuminate/Pipeline/Pipeline.php(208): Illuminate\\Routing\\Middleware\\SubstituteBindings->handle(Object(Illuminate\\Http\\Request), Object(Closure))
#24 /var/www/backend/vendor/laravel/framework/src/Illuminate/Pipeline/Pipeline.php(126): Illuminate\\Pipeline\\Pipeline->Illuminate\\Pipeline\\{closure}(Object(Illuminate\\Http\\Request))
#25 /var/www/backend/vendor/laravel/framework/src/Illuminate/Routing/Router.php(807): Illuminate\\Pipeline\\Pipeline->then(Object(Closure))
#26 /var/www/backend/vendor/laravel/framework/src/Illuminate/Routing/Router.php(786): Illuminate\\Routing\\Router->runRouteWithinStack(Object(Illuminate\\Routing\\Route), Object(Illuminate\\Http\\Request))
#27 /var/www/backend/vendor/laravel/framework/src/Illuminate/Routing/Router.php(750): Illuminate\\Routing\\Router->runRoute(Object(Illuminate\\Http\\Request), Object(Illuminate\\Routing\\Route))
#28 /var/www/backend/vendor/laravel/framework/src/Illuminate/Routing/Router.php(739): Illuminate\\Routing\\Router->dispatchToRoute(Object(Illuminate\\Http\\Request))
#29 /var/www/backend/vendor/laravel/framework/src/Illuminate/Foundation/Http/Kernel.php(200): Illuminate\\Routing\\Router->dispatch(Object(Illuminate\\Http\\Request))
#30 /var/www/backend/vendor/laravel/framework/src/Illuminate/Pipeline/Pipeline.php(169): Illuminate\\Foundation\\Http\\Kernel->Illuminate\\Foundation\\Http\\{closure}(Object(Illuminate\\Http\\Request))
#31 /var/www/backend/vendor/barryvdh/laravel-debugbar/src/Middleware/InjectDebugbar.php(66): Illuminate\\Pipeline\\Pipeline->Illuminate\\Pipeline\\{closure}(Object(Illuminate\\Http\\Request))
#32 /var/www/backend/vendor/laravel/framework/src/Illuminate/Pipeline/Pipeline.php(208): Barryvdh\\Debugbar\\Middleware\\InjectDebugbar->handle(Object(Illuminate\\Http\\Request), Object(Closure))
#33 /var/www/backend/vendor/laravel/framework/src/Illuminate/Foundation/Http/Middleware/TransformsRequest.php(21): Illuminate\\Pipeline\\Pipeline->Illuminate\\Pipeline\\{closure}(Object(Illuminate\\Http\\Request))
#34 /var/www/backend/vendor/laravel/framework/src/Illuminate/Foundation/Http/Middleware/ConvertEmptyStringsToNull.php(31): Illuminate\\Foundation\\Http\\Middleware\\TransformsRequest->handle(Object(Illuminate\\Http\\Request), Object(Closure))
#35 /var/www/backend/vendor/laravel/framework/src/Illuminate/Pipeline/Pipeline.php(208): Illuminate\\Foundation\\Http\\Middleware\\ConvertEmptyStringsToNull->handle(Object(Illuminate\\Http\\Request), Object(Closure))
#36 /var/www/backend/vendor/laravel/framework/src/Illuminate/Foundation/Http/Middleware/TransformsRequest.php(21): Illuminate\\Pipeline\\Pipeline->Illuminate\\Pipeline\\{closure}(Object(Illuminate\\Http\\Request))
#37 /var/www/backend/vendor/laravel/framework/src/Illuminate/Foundation/Http/Middleware/TrimStrings.php(51): Illuminate\\Foundation\\Http\\Middleware\\TransformsRequest->handle(Object(Illuminate\\Http\\Request), Object(Closure))
#38 /var/www/backend/vendor/laravel/framework/src/Illuminate/Pipeline/Pipeline.php(208): Illuminate\\Foundation\\Http\\Middleware\\TrimStrings->handle(Object(Illuminate\\Http\\Request), Object(Closure))
#39 /var/www/backend/vendor/laravel/framework/src/Illuminate/Http/Middleware/ValidatePostSize.php(27): Illuminate\\Pipeline\\Pipeline->Illuminate\\Pipeline\\{closure}(Object(Illuminate\\Http\\Request))
#40 /var/www/backend/vendor/laravel/framework/src/Illuminate/Pipeline/Pipeline.php(208): Illuminate\\Http\\Middleware\\ValidatePostSize->handle(Object(Illuminate\\Http\\Request), Object(Closure))
#41 /var/www/backend/vendor/laravel/framework/src/Illuminate/Foundation/Http/Middleware/PreventRequestsDuringMaintenance.php(109): Illuminate\\Pipeline\\Pipeline->Illuminate\\Pipeline\\{closure}(Object(Illuminate\\Http\\Request))
#42 /var/www/backend/vendor/laravel/framework/src/Illuminate/Pipeline/Pipeline.php(208): Illuminate\\Foundation\\Http\\Middleware\\PreventRequestsDuringMaintenance->handle(Object(Illuminate\\Http\\Request), Object(Closure))
#43 /var/www/backend/vendor/laravel/framework/src/Illuminate/Http/Middleware/HandleCors.php(61): Illuminate\\Pipeline\\Pipeline->Illuminate\\Pipeline\\{closure}(Object(Illuminate\\Http\\Request))
#44 /var/www/backend/vendor/laravel/framework/src/Illuminate/Pipeline/Pipeline.php(208): Illuminate\\Http\\Middleware\\HandleCors->handle(Object(Illuminate\\Http\\Request), Object(Closure))
#45 /var/www/backend/vendor/laravel/framework/src/Illuminate/Http/Middleware/TrustProxies.php(58): Illuminate\\Pipeline\\Pipeline->Illuminate\\Pipeline\\{closure}(Object(Illuminate\\Http\\Request))
#46 /var/www/backend/vendor/laravel/framework/src/Illuminate/Pipeline/Pipeline.php(208): Illuminate\\Http\\Middleware\\TrustProxies->handle(Object(Illuminate\\Http\\Request), Object(Closure))
#47 /var/www/backend/vendor/laravel/framework/src/Illuminate/Foundation/Http/Middleware/InvokeDeferredCallbacks.php(22): Illuminate\\Pipeline\\Pipeline->Illuminate\\Pipeline\\{closure}(Object(Illuminate\\Http\\Request))
#48 /var/www/backend/vendor/laravel/framework/src/Illuminate/Pipeline/Pipeline.php(208): Illuminate\\Foundation\\Http\\Middleware\\InvokeDeferredCallbacks->handle(Object(Illuminate\\Http\\Request), Object(Closure))
#49 /var/www/backend/vendor/laravel/framework/src/Illuminate/Http/Middleware/ValidatePathEncoding.php(26): Illuminate\\Pipeline\\Pipeline->Illuminate\\Pipeline\\{closure}(Object(Illuminate\\Http\\Request))
#50 /var/www/backend/vendor/laravel/framework/src/Illuminate/Pipeline/Pipeline.php(208): Illuminate\\Http\\Middleware\\ValidatePathEncoding->handle(Object(Illuminate\\Http\\Request), Object(Closure))
#51 /var/www/backend/vendor/laravel/framework/src/Illuminate/Pipeline/Pipeline.php(126): Illuminate\\Pipeline\\Pipeline->Illuminate\\Pipeline\\{closure}(Object(Illuminate\\Http\\Request))
#52 /var/www/backend/vendor/laravel/framework/src/Illuminate/Foundation/Http/Kernel.php(175): Illuminate\\Pipeline\\Pipeline->then(Object(Closure))
#53 /var/www/backend/vendor/laravel/framework/src/Illuminate/Foundation/Http/Kernel.php(144): Illuminate\\Foundation\\Http\\Kernel->sendRequestThroughRouter(Object(Illuminate\\Http\\Request))
#54 /var/www/backend/vendor/laravel/framework/src/Illuminate/Foundation/Application.php(1219): Illuminate\\Foundation\\Http\\Kernel->handle(Object(Illuminate\\Http\\Request))
#55 /var/www/backend/public/index.php(20): Illuminate\\Foundation\\Application->handleRequest(Object(Illuminate\\Http\\Request))
#56 {main}
"} 
[2025-11-04 12:35:41] local.INFO: select exists (select 1 from information_schema.tables where table_schema = schema() and table_name = 'business_settings' and table_type in ('BASE TABLE', 'SYSTEM VERSIONED')) as `exists`  
[2025-11-04 12:35:41] local.INFO: select * from `business_settings` limit 1  
[2025-11-04 12:35:41] local.ERROR: SQLSTATE[42S02]: Base table or view not found: 1146 Table 'jplab_db.email' doesn't exist (Connection: mysql, SQL: select count(*) as aggregate from `email` where `email` = foysal.kodeeo@gmail.com) {"exception":"[object] (Illuminate\\Database\\QueryException(code: 42S02): SQLSTATE[42S02]: Base table or view not found: 1146 Table 'jplab_db.email' doesn't exist (Connection: mysql, SQL: select count(*) as aggregate from `email` where `email` = foysal.kodeeo@gmail.com) at /var/www/backend/vendor/laravel/framework/src/Illuminate/Database/Connection.php:824)
[stacktrace]
#0 /var/www/backend/vendor/laravel/framework/src/Illuminate/Database/Connection.php(778): Illuminate\\Database\\Connection->runQueryCallback('select count(*)...', Array, Object(Closure))
#1 /var/www/backend/vendor/laravel/framework/src/Illuminate/Database/Connection.php(397): Illuminate\\Database\\Connection->run('select count(*)...', Array, Object(Closure))
#2 /var/www/backend/vendor/laravel/framework/src/Illuminate/Database/Query/Builder.php(3188): Illuminate\\Database\\Connection->select('select count(*)...', Array, false)
#3 /var/www/backend/vendor/laravel/framework/src/Illuminate/Database/Query/Builder.php(3173): Illuminate\\Database\\Query\\Builder->runSelect()
#4 /var/www/backend/vendor/laravel/framework/src/Illuminate/Database/Query/Builder.php(3763): Illuminate\\Database\\Query\\Builder->Illuminate\\Database\\Query\\{closure}()
#5 /var/www/backend/vendor/laravel/framework/src/Illuminate/Database/Query/Builder.php(3172): Illuminate\\Database\\Query\\Builder->onceWithColumns(Array, Object(Closure))
#6 /var/www/backend/vendor/laravel/framework/src/Illuminate/Database/Query/Builder.php(3687): Illuminate\\Database\\Query\\Builder->get(Array)
#7 /var/www/backend/vendor/laravel/framework/src/Illuminate/Database/Query/Builder.php(3615): Illuminate\\Database\\Query\\Builder->aggregate('count', Array)
#8 /var/www/backend/vendor/laravel/framework/src/Illuminate/Validation/DatabasePresenceVerifier.php(53): Illuminate\\Database\\Query\\Builder->count()
#9 /var/www/backend/vendor/laravel/framework/src/Illuminate/Validation/Concerns/ValidatesAttributes.php(1038): Illuminate\\Validation\\DatabasePresenceVerifier->getCount('email', 'email', 'foysal.kodeeo@g...', NULL, NULL, Array)
#10 /var/www/backend/vendor/laravel/framework/src/Illuminate/Validation/Validator.php(685): Illuminate\\Validation\\Validator->validateUnique('email', 'foysal.kodeeo@g...', Array, Object(Illuminate\\Validation\\Validator))
#11 /var/www/backend/vendor/laravel/framework/src/Illuminate/Validation/Validator.php(480): Illuminate\\Validation\\Validator->validateAttribute('email', 'Unique')
#12 /var/www/backend/vendor/laravel/framework/src/Illuminate/Validation/Validator.php(515): Illuminate\\Validation\\Validator->passes()
#13 /var/www/backend/vendor/laravel/framework/src/Illuminate/Validation/ValidatesWhenResolvedTrait.php(31): Illuminate\\Validation\\Validator->fails()
#14 /var/www/backend/vendor/laravel/framework/src/Illuminate/Foundation/Providers/FormRequestServiceProvider.php(30): Illuminate\\Foundation\\Http\\FormRequest->validateResolved()
#15 /var/www/backend/vendor/laravel/framework/src/Illuminate/Container/Container.php(1521): Illuminate\\Foundation\\Providers\\FormRequestServiceProvider->Illuminate\\Foundation\\Providers\\{closure}(Object(App\\Http\\Requests\\CandidateRequest), Object(Illuminate\\Foundation\\Application))
#16 /var/www/backend/vendor/laravel/framework/src/Illuminate/Container/Container.php(1457): Illuminate\\Container\\Container->fireCallbackArray(Object(App\\Http\\Requests\\CandidateRequest), Array)
#17 /var/www/backend/vendor/laravel/framework/src/Illuminate/Container/Container.php(1443): Illuminate\\Container\\Container->fireAfterResolvingCallbacks('App\\\\Http\\\\Reques...', Object(App\\Http\\Requests\\CandidateRequest))
#18 /var/www/backend/vendor/laravel/framework/src/Illuminate/Container/Container.php(934): Illuminate\\Container\\Container->fireResolvingCallbacks('App\\\\Http\\\\Reques...', Object(App\\Http\\Requests\\CandidateRequest))
#19 /var/www/backend/vendor/laravel/framework/src/Illuminate/Foundation/Application.php(1077): Illuminate\\Container\\Container->resolve('App\\\\Http\\\\Reques...', Array, true)
#20 /var/www/backend/vendor/laravel/framework/src/Illuminate/Container/Container.php(847): Illuminate\\Foundation\\Application->resolve('App\\\\Http\\\\Reques...', Array)
#21 /var/www/backend/vendor/laravel/framework/src/Illuminate/Foundation/Application.php(1057): Illuminate\\Container\\Container->make('App\\\\Http\\\\Reques...', Array)
#22 /var/www/backend/vendor/laravel/framework/src/Illuminate/Routing/ResolvesRouteDependencies.php(92): Illuminate\\Foundation\\Application->make('App\\\\Http\\\\Reques...')
#23 /var/www/backend/vendor/laravel/framework/src/Illuminate/Routing/ResolvesRouteDependencies.php(51): Illuminate\\Routing\\ControllerDispatcher->transformDependency(Object(ReflectionParameter), Array, Object(stdClass))
#24 /var/www/backend/vendor/laravel/framework/src/Illuminate/Routing/ResolvesRouteDependencies.php(30): Illuminate\\Routing\\ControllerDispatcher->resolveMethodDependencies(Array, Object(ReflectionMethod))
#25 /var/www/backend/vendor/laravel/framework/src/Illuminate/Routing/ControllerDispatcher.php(59): Illuminate\\Routing\\ControllerDispatcher->resolveClassMethodDependencies(Array, Object(App\\Http\\Controllers\\Api\\CandidateController), 'register')
#26 /var/www/backend/vendor/laravel/framework/src/Illuminate/Routing/ControllerDispatcher.php(40): Illuminate\\Routing\\ControllerDispatcher->resolveParameters(Object(Illuminate\\Routing\\Route), Object(App\\Http\\Controllers\\Api\\CandidateController), 'register')
#27 /var/www/backend/vendor/laravel/framework/src/Illuminate/Routing/Route.php(265): Illuminate\\Routing\\ControllerDispatcher->dispatch(Object(Illuminate\\Routing\\Route), Object(App\\Http\\Controllers\\Api\\CandidateController), 'register')
#28 /var/www/backend/vendor/laravel/framework/src/Illuminate/Routing/Route.php(211): Illuminate\\Routing\\Route->runController()
#29 /var/www/backend/vendor/laravel/framework/src/Illuminate/Routing/Router.php(808): Illuminate\\Routing\\Route->run()
#30 /var/www/backend/vendor/laravel/framework/src/Illuminate/Pipeline/Pipeline.php(169): Illuminate\\Routing\\Router->Illuminate\\Routing\\{closure}(Object(Illuminate\\Http\\Request))
#31 /var/www/backend/vendor/laravel/framework/src/Illuminate/Routing/Middleware/SubstituteBindings.php(50): Illuminate\\Pipeline\\Pipeline->Illuminate\\Pipeline\\{closure}(Object(Illuminate\\Http\\Request))
#32 /var/www/backend/vendor/laravel/framework/src/Illuminate/Pipeline/Pipeline.php(208): Illuminate\\Routing\\Middleware\\SubstituteBindings->handle(Object(Illuminate\\Http\\Request), Object(Closure))
#33 /var/www/backend/vendor/laravel/framework/src/Illuminate/Pipeline/Pipeline.php(126): Illuminate\\Pipeline\\Pipeline->Illuminate\\Pipeline\\{closure}(Object(Illuminate\\Http\\Request))
#34 /var/www/backend/vendor/laravel/framework/src/Illuminate/Routing/Router.php(807): Illuminate\\Pipeline\\Pipeline->then(Object(Closure))
#35 /var/www/backend/vendor/laravel/framework/src/Illuminate/Routing/Router.php(786): Illuminate\\Routing\\Router->runRouteWithinStack(Object(Illuminate\\Routing\\Route), Object(Illuminate\\Http\\Request))
#36 /var/www/backend/vendor/laravel/framework/src/Illuminate/Routing/Router.php(750): Illuminate\\Routing\\Router->runRoute(Object(Illuminate\\Http\\Request), Object(Illuminate\\Routing\\Route))
#37 /var/www/backend/vendor/laravel/framework/src/Illuminate/Routing/Router.php(739): Illuminate\\Routing\\Router->dispatchToRoute(Object(Illuminate\\Http\\Request))
#38 /var/www/backend/vendor/laravel/framework/src/Illuminate/Foundation/Http/Kernel.php(200): Illuminate\\Routing\\Router->dispatch(Object(Illuminate\\Http\\Request))
#39 /var/www/backend/vendor/laravel/framework/src/Illuminate/Pipeline/Pipeline.php(169): Illuminate\\Foundation\\Http\\Kernel->Illuminate\\Foundation\\Http\\{closure}(Object(Illuminate\\Http\\Request))
#40 /var/www/backend/vendor/barryvdh/laravel-debugbar/src/Middleware/InjectDebugbar.php(66): Illuminate\\Pipeline\\Pipeline->Illuminate\\Pipeline\\{closure}(Object(Illuminate\\Http\\Request))
#41 /var/www/backend/vendor/laravel/framework/src/Illuminate/Pipeline/Pipeline.php(208): Barryvdh\\Debugbar\\Middleware\\InjectDebugbar->handle(Object(Illuminate\\Http\\Request), Object(Closure))
#42 /var/www/backend/vendor/laravel/framework/src/Illuminate/Foundation/Http/Middleware/TransformsRequest.php(21): Illuminate\\Pipeline\\Pipeline->Illuminate\\Pipeline\\{closure}(Object(Illuminate\\Http\\Request))
#43 /var/www/backend/vendor/laravel/framework/src/Illuminate/Foundation/Http/Middleware/ConvertEmptyStringsToNull.php(31): Illuminate\\Foundation\\Http\\Middleware\\TransformsRequest->handle(Object(Illuminate\\Http\\Request), Object(Closure))
#44 /var/www/backend/vendor/laravel/framework/src/Illuminate/Pipeline/Pipeline.php(208): Illuminate\\Foundation\\Http\\Middleware\\ConvertEmptyStringsToNull->handle(Object(Illuminate\\Http\\Request), Object(Closure))
#45 /var/www/backend/vendor/laravel/framework/src/Illuminate/Foundation/Http/Middleware/TransformsRequest.php(21): Illuminate\\Pipeline\\Pipeline->Illuminate\\Pipeline\\{closure}(Object(Illuminate\\Http\\Request))
#46 /var/www/backend/vendor/laravel/framework/src/Illuminate/Foundation/Http/Middleware/TrimStrings.php(51): Illuminate\\Foundation\\Http\\Middleware\\TransformsRequest->handle(Object(Illuminate\\Http\\Request), Object(Closure))
#47 /var/www/backend/vendor/laravel/framework/src/Illuminate/Pipeline/Pipeline.php(208): Illuminate\\Foundation\\Http\\Middleware\\TrimStrings->handle(Object(Illuminate\\Http\\Request), Object(Closure))
#48 /var/www/backend/vendor/laravel/framework/src/Illuminate/Http/Middleware/ValidatePostSize.php(27): Illuminate\\Pipeline\\Pipeline->Illuminate\\Pipeline\\{closure}(Object(Illuminate\\Http\\Request))
#49 /var/www/backend/vendor/laravel/framework/src/Illuminate/Pipeline/Pipeline.php(208): Illuminate\\Http\\Middleware\\ValidatePostSize->handle(Object(Illuminate\\Http\\Request), Object(Closure))
#50 /var/www/backend/vendor/laravel/framework/src/Illuminate/Foundation/Http/Middleware/PreventRequestsDuringMaintenance.php(109): Illuminate\\Pipeline\\Pipeline->Illuminate\\Pipeline\\{closure}(Object(Illuminate\\Http\\Request))
#51 /var/www/backend/vendor/laravel/framework/src/Illuminate/Pipeline/Pipeline.php(208): Illuminate\\Foundation\\Http\\Middleware\\PreventRequestsDuringMaintenance->handle(Object(Illuminate\\Http\\Request), Object(Closure))
#52 /var/www/backend/vendor/laravel/framework/src/Illuminate/Http/Middleware/HandleCors.php(61): Illuminate\\Pipeline\\Pipeline->Illuminate\\Pipeline\\{closure}(Object(Illuminate\\Http\\Request))
#53 /var/www/backend/vendor/laravel/framework/src/Illuminate/Pipeline/Pipeline.php(208): Illuminate\\Http\\Middleware\\HandleCors->handle(Object(Illuminate\\Http\\Request), Object(Closure))
#54 /var/www/backend/vendor/laravel/framework/src/Illuminate/Http/Middleware/TrustProxies.php(58): Illuminate\\Pipeline\\Pipeline->Illuminate\\Pipeline\\{closure}(Object(Illuminate\\Http\\Request))
#55 /var/www/backend/vendor/laravel/framework/src/Illuminate/Pipeline/Pipeline.php(208): Illuminate\\Http\\Middleware\\TrustProxies->handle(Object(Illuminate\\Http\\Request), Object(Closure))
#56 /var/www/backend/vendor/laravel/framework/src/Illuminate/Foundation/Http/Middleware/InvokeDeferredCallbacks.php(22): Illuminate\\Pipeline\\Pipeline->Illuminate\\Pipeline\\{closure}(Object(Illuminate\\Http\\Request))
#57 /var/www/backend/vendor/laravel/framework/src/Illuminate/Pipeline/Pipeline.php(208): Illuminate\\Foundation\\Http\\Middleware\\InvokeDeferredCallbacks->handle(Object(Illuminate\\Http\\Request), Object(Closure))
#58 /var/www/backend/vendor/laravel/framework/src/Illuminate/Http/Middleware/ValidatePathEncoding.php(26): Illuminate\\Pipeline\\Pipeline->Illuminate\\Pipeline\\{closure}(Object(Illuminate\\Http\\Request))
#59 /var/www/backend/vendor/laravel/framework/src/Illuminate/Pipeline/Pipeline.php(208): Illuminate\\Http\\Middleware\\ValidatePathEncoding->handle(Object(Illuminate\\Http\\Request), Object(Closure))
#60 /var/www/backend/vendor/laravel/framework/src/Illuminate/Pipeline/Pipeline.php(126): Illuminate\\Pipeline\\Pipeline->Illuminate\\Pipeline\\{closure}(Object(Illuminate\\Http\\Request))
#61 /var/www/backend/vendor/laravel/framework/src/Illuminate/Foundation/Http/Kernel.php(175): Illuminate\\Pipeline\\Pipeline->then(Object(Closure))
#62 /var/www/backend/vendor/laravel/framework/src/Illuminate/Foundation/Http/Kernel.php(144): Illuminate\\Foundation\\Http\\Kernel->sendRequestThroughRouter(Object(Illuminate\\Http\\Request))
#63 /var/www/backend/vendor/laravel/framework/src/Illuminate/Foundation/Application.php(1219): Illuminate\\Foundation\\Http\\Kernel->handle(Object(Illuminate\\Http\\Request))
#64 /var/www/backend/public/index.php(20): Illuminate\\Foundation\\Application->handleRequest(Object(Illuminate\\Http\\Request))
#65 {main}

[previous exception] [object] (PDOException(code: 42S02): SQLSTATE[42S02]: Base table or view not found: 1146 Table 'jplab_db.email' doesn't exist at /var/www/backend/vendor/laravel/framework/src/Illuminate/Database/Connection.php:406)
[stacktrace]
#0 /var/www/backend/vendor/laravel/framework/src/Illuminate/Database/Connection.php(406): PDO->prepare('select count(*)...')
#1 /var/www/backend/vendor/laravel/framework/src/Illuminate/Database/Connection.php(811): Illuminate\\Database\\Connection->Illuminate\\Database\\{closure}('select count(*)...', Array)
#2 /var/www/backend/vendor/laravel/framework/src/Illuminate/Database/Connection.php(778): Illuminate\\Database\\Connection->runQueryCallback('select count(*)...', Array, Object(Closure))
#3 /var/www/backend/vendor/laravel/framework/src/Illuminate/Database/Connection.php(397): Illuminate\\Database\\Connection->run('select count(*)...', Array, Object(Closure))
#4 /var/www/backend/vendor/laravel/framework/src/Illuminate/Database/Query/Builder.php(3188): Illuminate\\Database\\Connection->select('select count(*)...', Array, false)
#5 /var/www/backend/vendor/laravel/framework/src/Illuminate/Database/Query/Builder.php(3173): Illuminate\\Database\\Query\\Builder->runSelect()
#6 /var/www/backend/vendor/laravel/framework/src/Illuminate/Database/Query/Builder.php(3763): Illuminate\\Database\\Query\\Builder->Illuminate\\Database\\Query\\{closure}()
#7 /var/www/backend/vendor/laravel/framework/src/Illuminate/Database/Query/Builder.php(3172): Illuminate\\Database\\Query\\Builder->onceWithColumns(Array, Object(Closure))
#8 /var/www/backend/vendor/laravel/framework/src/Illuminate/Database/Query/Builder.php(3687): Illuminate\\Database\\Query\\Builder->get(Array)
#9 /var/www/backend/vendor/laravel/framework/src/Illuminate/Database/Query/Builder.php(3615): Illuminate\\Database\\Query\\Builder->aggregate('count', Array)
#10 /var/www/backend/vendor/laravel/framework/src/Illuminate/Validation/DatabasePresenceVerifier.php(53): Illuminate\\Database\\Query\\Builder->count()
#11 /var/www/backend/vendor/laravel/framework/src/Illuminate/Validation/Concerns/ValidatesAttributes.php(1038): Illuminate\\Validation\\DatabasePresenceVerifier->getCount('email', 'email', 'foysal.kodeeo@g...', NULL, NULL, Array)
#12 /var/www/backend/vendor/laravel/framework/src/Illuminate/Validation/Validator.php(685): Illuminate\\Validation\\Validator->validateUnique('email', 'foysal.kodeeo@g...', Array, Object(Illuminate\\Validation\\Validator))
#13 /var/www/backend/vendor/laravel/framework/src/Illuminate/Validation/Validator.php(480): Illuminate\\Validation\\Validator->validateAttribute('email', 'Unique')
#14 /var/www/backend/vendor/laravel/framework/src/Illuminate/Validation/Validator.php(515): Illuminate\\Validation\\Validator->passes()
#15 /var/www/backend/vendor/laravel/framework/src/Illuminate/Validation/ValidatesWhenResolvedTrait.php(31): Illuminate\\Validation\\Validator->fails()
#16 /var/www/backend/vendor/laravel/framework/src/Illuminate/Foundation/Providers/FormRequestServiceProvider.php(30): Illuminate\\Foundation\\Http\\FormRequest->validateResolved()
#17 /var/www/backend/vendor/laravel/framework/src/Illuminate/Container/Container.php(1521): Illuminate\\Foundation\\Providers\\FormRequestServiceProvider->Illuminate\\Foundation\\Providers\\{closure}(Object(App\\Http\\Requests\\CandidateRequest), Object(Illuminate\\Foundation\\Application))
#18 /var/www/backend/vendor/laravel/framework/src/Illuminate/Container/Container.php(1457): Illuminate\\Container\\Container->fireCallbackArray(Object(App\\Http\\Requests\\CandidateRequest), Array)
#19 /var/www/backend/vendor/laravel/framework/src/Illuminate/Container/Container.php(1443): Illuminate\\Container\\Container->fireAfterResolvingCallbacks('App\\\\Http\\\\Reques...', Object(App\\Http\\Requests\\CandidateRequest))
#20 /var/www/backend/vendor/laravel/framework/src/Illuminate/Container/Container.php(934): Illuminate\\Container\\Container->fireResolvingCallbacks('App\\\\Http\\\\Reques...', Object(App\\Http\\Requests\\CandidateRequest))
#21 /var/www/backend/vendor/laravel/framework/src/Illuminate/Foundation/Application.php(1077): Illuminate\\Container\\Container->resolve('App\\\\Http\\\\Reques...', Array, true)
#22 /var/www/backend/vendor/laravel/framework/src/Illuminate/Container/Container.php(847): Illuminate\\Foundation\\Application->resolve('App\\\\Http\\\\Reques...', Array)
#23 /var/www/backend/vendor/laravel/framework/src/Illuminate/Foundation/Application.php(1057): Illuminate\\Container\\Container->make('App\\\\Http\\\\Reques...', Array)
#24 /var/www/backend/vendor/laravel/framework/src/Illuminate/Routing/ResolvesRouteDependencies.php(92): Illuminate\\Foundation\\Application->make('App\\\\Http\\\\Reques...')
#25 /var/www/backend/vendor/laravel/framework/src/Illuminate/Routing/ResolvesRouteDependencies.php(51): Illuminate\\Routing\\ControllerDispatcher->transformDependency(Object(ReflectionParameter), Array, Object(stdClass))
#26 /var/www/backend/vendor/laravel/framework/src/Illuminate/Routing/ResolvesRouteDependencies.php(30): Illuminate\\Routing\\ControllerDispatcher->resolveMethodDependencies(Array, Object(ReflectionMethod))
#27 /var/www/backend/vendor/laravel/framework/src/Illuminate/Routing/ControllerDispatcher.php(59): Illuminate\\Routing\\ControllerDispatcher->resolveClassMethodDependencies(Array, Object(App\\Http\\Controllers\\Api\\CandidateController), 'register')
#28 /var/www/backend/vendor/laravel/framework/src/Illuminate/Routing/ControllerDispatcher.php(40): Illuminate\\Routing\\ControllerDispatcher->resolveParameters(Object(Illuminate\\Routing\\Route), Object(App\\Http\\Controllers\\Api\\CandidateController), 'register')
#29 /var/www/backend/vendor/laravel/framework/src/Illuminate/Routing/Route.php(265): Illuminate\\Routing\\ControllerDispatcher->dispatch(Object(Illuminate\\Routing\\Route), Object(App\\Http\\Controllers\\Api\\CandidateController), 'register')
#30 /var/www/backend/vendor/laravel/framework/src/Illuminate/Routing/Route.php(211): Illuminate\\Routing\\Route->runController()
#31 /var/www/backend/vendor/laravel/framework/src/Illuminate/Routing/Router.php(808): Illuminate\\Routing\\Route->run()
#32 /var/www/backend/vendor/laravel/framework/src/Illuminate/Pipeline/Pipeline.php(169): Illuminate\\Routing\\Router->Illuminate\\Routing\\{closure}(Object(Illuminate\\Http\\Request))
#33 /var/www/backend/vendor/laravel/framework/src/Illuminate/Routing/Middleware/SubstituteBindings.php(50): Illuminate\\Pipeline\\Pipeline->Illuminate\\Pipeline\\{closure}(Object(Illuminate\\Http\\Request))
#34 /var/www/backend/vendor/laravel/framework/src/Illuminate/Pipeline/Pipeline.php(208): Illuminate\\Routing\\Middleware\\SubstituteBindings->handle(Object(Illuminate\\Http\\Request), Object(Closure))
#35 /var/www/backend/vendor/laravel/framework/src/Illuminate/Pipeline/Pipeline.php(126): Illuminate\\Pipeline\\Pipeline->Illuminate\\Pipeline\\{closure}(Object(Illuminate\\Http\\Request))
#36 /var/www/backend/vendor/laravel/framework/src/Illuminate/Routing/Router.php(807): Illuminate\\Pipeline\\Pipeline->then(Object(Closure))
#37 /var/www/backend/vendor/laravel/framework/src/Illuminate/Routing/Router.php(786): Illuminate\\Routing\\Router->runRouteWithinStack(Object(Illuminate\\Routing\\Route), Object(Illuminate\\Http\\Request))
#38 /var/www/backend/vendor/laravel/framework/src/Illuminate/Routing/Router.php(750): Illuminate\\Routing\\Router->runRoute(Object(Illuminate\\Http\\Request), Object(Illuminate\\Routing\\Route))
#39 /var/www/backend/vendor/laravel/framework/src/Illuminate/Routing/Router.php(739): Illuminate\\Routing\\Router->dispatchToRoute(Object(Illuminate\\Http\\Request))
#40 /var/www/backend/vendor/laravel/framework/src/Illuminate/Foundation/Http/Kernel.php(200): Illuminate\\Routing\\Router->dispatch(Object(Illuminate\\Http\\Request))
#41 /var/www/backend/vendor/laravel/framework/src/Illuminate/Pipeline/Pipeline.php(169): Illuminate\\Foundation\\Http\\Kernel->Illuminate\\Foundation\\Http\\{closure}(Object(Illuminate\\Http\\Request))
#42 /var/www/backend/vendor/barryvdh/laravel-debugbar/src/Middleware/InjectDebugbar.php(66): Illuminate\\Pipeline\\Pipeline->Illuminate\\Pipeline\\{closure}(Object(Illuminate\\Http\\Request))
#43 /var/www/backend/vendor/laravel/framework/src/Illuminate/Pipeline/Pipeline.php(208): Barryvdh\\Debugbar\\Middleware\\InjectDebugbar->handle(Object(Illuminate\\Http\\Request), Object(Closure))
#44 /var/www/backend/vendor/laravel/framework/src/Illuminate/Foundation/Http/Middleware/TransformsRequest.php(21): Illuminate\\Pipeline\\Pipeline->Illuminate\\Pipeline\\{closure}(Object(Illuminate\\Http\\Request))
#45 /var/www/backend/vendor/laravel/framework/src/Illuminate/Foundation/Http/Middleware/ConvertEmptyStringsToNull.php(31): Illuminate\\Foundation\\Http\\Middleware\\TransformsRequest->handle(Object(Illuminate\\Http\\Request), Object(Closure))
#46 /var/www/backend/vendor/laravel/framework/src/Illuminate/Pipeline/Pipeline.php(208): Illuminate\\Foundation\\Http\\Middleware\\ConvertEmptyStringsToNull->handle(Object(Illuminate\\Http\\Request), Object(Closure))
#47 /var/www/backend/vendor/laravel/framework/src/Illuminate/Foundation/Http/Middleware/TransformsRequest.php(21): Illuminate\\Pipeline\\Pipeline->Illuminate\\Pipeline\\{closure}(Object(Illuminate\\Http\\Request))
#48 /var/www/backend/vendor/laravel/framework/src/Illuminate/Foundation/Http/Middleware/TrimStrings.php(51): Illuminate\\Foundation\\Http\\Middleware\\TransformsRequest->handle(Object(Illuminate\\Http\\Request), Object(Closure))
#49 /var/www/backend/vendor/laravel/framework/src/Illuminate/Pipeline/Pipeline.php(208): Illuminate\\Foundation\\Http\\Middleware\\TrimStrings->handle(Object(Illuminate\\Http\\Request), Object(Closure))
#50 /var/www/backend/vendor/laravel/framework/src/Illuminate/Http/Middleware/ValidatePostSize.php(27): Illuminate\\Pipeline\\Pipeline->Illuminate\\Pipeline\\{closure}(Object(Illuminate\\Http\\Request))
#51 /var/www/backend/vendor/laravel/framework/src/Illuminate/Pipeline/Pipeline.php(208): Illuminate\\Http\\Middleware\\ValidatePostSize->handle(Object(Illuminate\\Http\\Request), Object(Closure))
#52 /var/www/backend/vendor/laravel/framework/src/Illuminate/Foundation/Http/Middleware/PreventRequestsDuringMaintenance.php(109): Illuminate\\Pipeline\\Pipeline->Illuminate\\Pipeline\\{closure}(Object(Illuminate\\Http\\Request))
#53 /var/www/backend/vendor/laravel/framework/src/Illuminate/Pipeline/Pipeline.php(208): Illuminate\\Foundation\\Http\\Middleware\\PreventRequestsDuringMaintenance->handle(Object(Illuminate\\Http\\Request), Object(Closure))
#54 /var/www/backend/vendor/laravel/framework/src/Illuminate/Http/Middleware/HandleCors.php(61): Illuminate\\Pipeline\\Pipeline->Illuminate\\Pipeline\\{closure}(Object(Illuminate\\Http\\Request))
#55 /var/www/backend/vendor/laravel/framework/src/Illuminate/Pipeline/Pipeline.php(208): Illuminate\\Http\\Middleware\\HandleCors->handle(Object(Illuminate\\Http\\Request), Object(Closure))
#56 /var/www/backend/vendor/laravel/framework/src/Illuminate/Http/Middleware/TrustProxies.php(58): Illuminate\\Pipeline\\Pipeline->Illuminate\\Pipeline\\{closure}(Object(Illuminate\\Http\\Request))
#57 /var/www/backend/vendor/laravel/framework/src/Illuminate/Pipeline/Pipeline.php(208): Illuminate\\Http\\Middleware\\TrustProxies->handle(Object(Illuminate\\Http\\Request), Object(Closure))
#58 /var/www/backend/vendor/laravel/framework/src/Illuminate/Foundation/Http/Middleware/InvokeDeferredCallbacks.php(22): Illuminate\\Pipeline\\Pipeline->Illuminate\\Pipeline\\{closure}(Object(Illuminate\\Http\\Request))
#59 /var/www/backend/vendor/laravel/framework/src/Illuminate/Pipeline/Pipeline.php(208): Illuminate\\Foundation\\Http\\Middleware\\InvokeDeferredCallbacks->handle(Object(Illuminate\\Http\\Request), Object(Closure))
#60 /var/www/backend/vendor/laravel/framework/src/Illuminate/Http/Middleware/ValidatePathEncoding.php(26): Illuminate\\Pipeline\\Pipeline->Illuminate\\Pipeline\\{closure}(Object(Illuminate\\Http\\Request))
#61 /var/www/backend/vendor/laravel/framework/src/Illuminate/Pipeline/Pipeline.php(208): Illuminate\\Http\\Middleware\\ValidatePathEncoding->handle(Object(Illuminate\\Http\\Request), Object(Closure))
#62 /var/www/backend/vendor/laravel/framework/src/Illuminate/Pipeline/Pipeline.php(126): Illuminate\\Pipeline\\Pipeline->Illuminate\\Pipeline\\{closure}(Object(Illuminate\\Http\\Request))
#63 /var/www/backend/vendor/laravel/framework/src/Illuminate/Foundation/Http/Kernel.php(175): Illuminate\\Pipeline\\Pipeline->then(Object(Closure))
#64 /var/www/backend/vendor/laravel/framework/src/Illuminate/Foundation/Http/Kernel.php(144): Illuminate\\Foundation\\Http\\Kernel->sendRequestThroughRouter(Object(Illuminate\\Http\\Request))
#65 /var/www/backend/vendor/laravel/framework/src/Illuminate/Foundation/Application.php(1219): Illuminate\\Foundation\\Http\\Kernel->handle(Object(Illuminate\\Http\\Request))
#66 /var/www/backend/public/index.php(20): Illuminate\\Foundation\\Application->handleRequest(Object(Illuminate\\Http\\Request))
#67 {main}
"} 
[2025-11-04 12:35:53] local.INFO: select exists (select 1 from information_schema.tables where table_schema = schema() and table_name = 'business_settings' and table_type in ('BASE TABLE', 'SYSTEM VERSIONED')) as `exists`  
[2025-11-04 12:35:53] local.INFO: select * from `business_settings` limit 1  
[2025-11-04 12:35:53] local.INFO: select count(*) as aggregate from `candidates` where `email` = ? ["foysal.kodeeo@gmail.com"] 
[2025-11-04 12:36:07] local.INFO: select exists (select 1 from information_schema.tables where table_schema = schema() and table_name = 'business_settings' and table_type in ('BASE TABLE', 'SYSTEM VERSIONED')) as `exists`  
[2025-11-04 12:36:07] local.INFO: select * from `business_settings` limit 1  
[2025-11-04 12:36:15] local.INFO: select exists (select 1 from information_schema.tables where table_schema = schema() and table_name = 'business_settings' and table_type in ('BASE TABLE', 'SYSTEM VERSIONED')) as `exists`  
[2025-11-04 12:36:15] local.INFO: select * from `business_settings` limit 1  
[2025-11-04 12:36:15] local.INFO: select count(*) as aggregate from `candidates` where `phone_number` = ? ["+8801711002201"] 
[2025-11-04 12:36:15] local.INFO: insert into `candidates` (`first_name`, `last_name`, `phone_number`, `password`, `updated_at`, `created_at`) values (?, ?, ?, ?, ?, ?) ["Foysal","ahmed","+8801711002201","$2y$12$kmEz8ZS9cXK4ev..bG4vQeId/T1OVFCOGpx47xpVuD1O3qseB8trK","2025-11-04 12:36:15","2025-11-04 12:36:15"] 
[2025-11-04 12:36:15] local.INFO: insert into `jobs` (`queue`, `attempts`, `reserved_at`, `available_at`, `created_at`, `payload`) values (?, ?, ?, ?, ?, ?) ["default",0,null,1762238175,1762238175,"{\"uuid\":\"a5d9997d-4464-4389-afa6-8414ed09217f\",\"displayName\":\"App\\\\Jobs\\\\SendRegistrationEmailJob\",\"job\":\"Illuminate\\\\Queue\\\\CallQueuedHandler@call\",\"maxTries\":null,\"maxExceptions\":null,\"failOnTimeout\":false,\"backoff\":null,\"timeout\":null,\"retryUntil\":null,\"data\":{\"commandName\":\"App\\\\Jobs\\\\SendRegistrationEmailJob\",\"command\":\"O:33:\\\"App\\\\Jobs\\\\SendRegistrationEmailJob\\\":1:{s:9:\\\"candidate\\\";O:45:\\\"Illuminate\\\\Contracts\\\\Database\\\\ModelIdentifier\\\":5:{s:5:\\\"class\\\";s:20:\\\"App\\\\Models\\\\Candidate\\\";s:2:\\\"id\\\";i:5;s:9:\\\"relations\\\";a:0:{}s:10:\\\"connection\\\";s:5:\\\"mysql\\\";s:15:\\\"collectionClass\\\";N;}}\"},\"createdAt\":1762238175,\"delay\":null}"] 
[2025-11-04 12:36:17] local.INFO: select exists (select 1 from information_schema.tables where table_schema = schema() and table_name = 'business_settings' and table_type in ('BASE TABLE', 'SYSTEM VERSIONED')) as `exists`  
[2025-11-04 12:36:17] local.INFO: select * from `business_settings` limit 1  
[2025-11-04 12:36:18] local.INFO: select count(*) as aggregate from `candidates` where `phone_number` = ? ["+8801711002201"] 
